<?xml version="1.0" encoding="UTF-8"?>
<!-- Generated by org.testng.reporters.JUnitReportReporter -->
<testsuite skipped="0" hostname="RupaliPC" name="com.crm.qa.testcases.LoginPageTest" tests="3" failures="0" timestamp="22 Jul 2018 08:12:41 GMT" time="33.507" errors="0">
  <testcase name="loginPageTitle" time="6.807" classname="com.crm.qa.testcases.LoginPageTest"/>
  <testcase name="crmLogoTest" time="8.462" classname="com.crm.qa.testcases.LoginPageTest"/>
  <testcase name="loginTest" time="18.238" classname="com.crm.qa.testcases.LoginPageTest"/>
</testsuite> <!-- com.crm.qa.testcases.LoginPageTest -->
