<?xml version="1.0" encoding="UTF-8"?>
<!-- Generated by org.testng.reporters.JUnitReportReporter -->
<testsuite skipped="0" hostname="RupaliPC" name="com.crm.qa.testcases.LoginPageTest" tests="3" failures="0" timestamp="22 Jul 2018 22:37:00 GMT" time="34.493" errors="0">
  <testcase name="loginPageTitle" time="7.410" classname="com.crm.qa.testcases.LoginPageTest"/>
  <testcase name="crmLogoTest" time="8.346" classname="com.crm.qa.testcases.LoginPageTest"/>
  <testcase name="loginTest" time="18.737" classname="com.crm.qa.testcases.LoginPageTest"/>
</testsuite> <!-- com.crm.qa.testcases.LoginPageTest -->
